RUN_NUMBER=DBT3.20061101-01
Using seed: 92600125
Generating data for scale factor 1...
2013年  2月  5日 火曜日 03:03:01 JST
TPC-H Population Generator (Version 1.3.0)
Copyright Transaction Processing Performance Council 1994 - 2000
creating links in /tmp to file /sraid/mysql/data/supplier.tbl
creating links in /tmp to file /sraid/mysql/data/customer.tbl
creating links in /tmp to file /sraid/mysql/data/orders.tbl
creating links in /tmp to file /sraid/mysql/data/lineitem.tbl
creating links in /tmp to file /sraid/mysql/data/part.tbl
creating links in /tmp to file /sraid/mysql/data/partsupp.tbl
creating links in /tmp to file /sraid/mysql/data/nation.tbl
creating links in /tmp to file /sraid/mysql/data/region.tbl
2013年  2月  5日 火曜日 03:03:46 JST
使い方: /usr/bin/sar [ オプション ] [ <間隔> [ <回数> ] ]
利用可能なオプション:
[ -A ] [ -b ] [ -B ] [ -C ] [ -d ] [ -h ] [ -m ] [ -p ] [ -q ] [ -r ] [ -R ]
[ -S ] [ -t ] [ -u [ ALL ] ] [ -v ] [ -V ] [ -w ] [ -W ] [ -y ]
[ -I { <int> [,...] | SUM | ALL | XALL } ] [ -P { <cpu> [,...] | ALL } ]
[ -o [ <ファイル名> ] | -f [ <ファイル名> ] ]
[ -i <間隔> ] [ -s [ <hh:mm:ss> ] ] [ -e [ <hh:mm:ss> ] ]
/sraid/local/mysql/bin/mysqladmin: connect to server at 'localhost' failed
error: 'Can't connect to local MySQL server through socket '/tmp/mysql.sock' (2)'
Check that mysqld is running and that the socket: '/tmp/mysql.sock' exists!
=================================================
MySQL Data directory /sraid/mysql/data already exists
Skipping initdb
=================================================
Database is already started.
ERROR 2002 (HY000): Can't connect to local MySQL server through socket '/tmp/mysql.sock' (2)
Database is already started.
Waiting the database initialization...........................................................................................................
--------------
CREATE DATABASE IF NOT EXISTS dbt3
--------------

--------------
CREATE TABLE supplier (
	s_suppkey  INTEGER,
	s_name CHAR(25),
	s_address VARCHAR(40),
	s_nationkey INTEGER,
	s_phone CHAR(15),
	s_acctbal FLOAT,
	s_comment VARCHAR(101))
--------------

--------------
CREATE TABLE part (
	p_partkey INTEGER,
	p_name VARCHAR(55),
	p_mfgr CHAR(25),
	p_brand CHAR(10),
	p_type VARCHAR(25),
	p_size INTEGER,
	p_container CHAR(10),
	p_retailprice FLOAT,
	p_comment VARCHAR(23))
--------------

--------------
CREATE TABLE partsupp (
	ps_partkey INTEGER,
	ps_suppkey INTEGER,
	ps_availqty INTEGER,
	ps_supplycost FLOAT,
	ps_comment VARCHAR(199))
--------------

--------------
CREATE TABLE customer (
	c_custkey INTEGER,
	c_name VARCHAR(25),
	c_address VARCHAR(40),
	c_nationkey INTEGER,
	c_phone CHAR(15),
	c_acctbal FLOAT,
	c_mktsegment CHAR(10),
	c_comment VARCHAR(117))
--------------

--------------
CREATE TABLE orders (
	o_orderkey INTEGER,
	o_custkey INTEGER,
	o_orderstatus CHAR(1),
	o_totalprice FLOAT,
	o_orderDATE DATE,
	o_orderpriority CHAR(15),
	o_clerk CHAR(15),
	o_shippriority INTEGER,
	o_comment VARCHAR(79))
--------------

--------------
CREATE TABLE lineitem (
	l_orderkey INTEGER,
	l_partkey INTEGER,
	l_suppkey INTEGER,
	l_linenumber INTEGER,
	l_quantity FLOAT,
	l_extendedprice FLOAT,
	l_discount FLOAT,
	l_tax FLOAT,
	l_returnflag CHAR(1),
	l_linestatus CHAR(1),
	l_shipDATE DATE,
	l_commitDATE DATE,
	l_receiptDATE DATE,
	l_shipinstruct CHAR(25),
	l_shipmode CHAR(10),
	l_comment VARCHAR(44))
--------------

--------------
CREATE TABLE nation (
	n_nationkey INTEGER,
	n_name CHAR(25),
	n_regionkey INTEGER,
	n_comment VARCHAR(152))
--------------

--------------
CREATE TABLE region (
	r_regionkey INTEGER,
	r_name CHAR(25),
	r_comment VARCHAR(152))
--------------

--------------
CREATE TABLE time_statistics (
	task_name VARCHAR(40),
	s_time DATETIME,
	e_time DATETIME,
	int_time INTEGER)
--------------

2013-02-05 03:12:44 Starting Load Test...
--------------
INSERT INTO time_statistics (task_name, s_time, int_time) VALUES ('LOAD', current_timestamp, 1360001564)
--------------

2013年  2月  5日 火曜日 03:12:44 JST
Creating indexes...
--------------
ALTER TABLE nation
ADD CONSTRAINT pk_nation PRIMARY KEY (n_nationkey)
--------------

--------------
ALTER TABLE customer
ADD CONSTRAINT pk_customer PRIMARY KEY (c_custkey)
--------------

--------------
ALTER TABLE part
ADD CONSTRAINT pk_part PRIMARY KEY (p_partkey)
--------------

--------------
ALTER TABLE lineitem
ADD CONSTRAINT pk_lineitem PRIMARY KEY (l_orderkey, l_linenumber)
--------------

--------------
ALTER TABLE orders
ADD CONSTRAINT pk_orders PRIMARY KEY (o_orderkey)
--------------

--------------
ALTER TABLE supplier
ADD CONSTRAINT pk_supplier PRIMARY KEY (s_suppkey)
--------------

--------------
ALTER TABLE partsupp
ADD CONSTRAINT pk_partsupp PRIMARY KEY (ps_partkey, ps_suppkey)
--------------

--------------
CREATE INDEX i_l_partkey
ON lineitem (l_partkey)
--------------

--------------
CREATE INDEX i_c_nationkey
ON customer (c_nationkey)
--------------

--------------
CREATE INDEX i_o_orderdate
ON orders (o_orderdate)
--------------

--------------
CREATE INDEX i_ps_suppkey
ON partsupp (ps_suppkey)
--------------

--------------
CREATE INDEX i_s_nationkey
ON supplier (s_nationkey)
--------------

--------------
CREATE INDEX i_l_shipdate
ON lineitem (l_shipdate)
--------------

--------------
CREATE INDEX i_n_regionkey
ON nation (n_regionkey)
--------------

--------------
CREATE INDEX i_o_custkey
ON orders (o_custkey)
--------------

--------------
CREATE INDEX i_ps_partkey
ON partsupp (ps_partkey)
--------------

--------------
CREATE INDEX i_l_suppkey
ON lineitem (l_suppkey)
--------------

--------------
CREATE INDEX i_l_suppkey_partkey
ON lineitem (l_partkey, l_suppkey)
--------------

--------------
CREATE INDEX i_l_orderkey_quantity
ON lineitem (l_orderkey, l_quantity)
--------------

--------------
CREATE INDEX i_l_receiptdate
ON lineitem (l_receiptdate)
--------------

--------------
CREATE INDEX i_l_orderkey
ON lineitem (l_orderkey)
--------------

--------------
CREATE INDEX i_l_commitdate
ON lineitem (l_commitdate)
--------------

2013年  2月  5日 火曜日 03:12:45 JST
2013年  2月  5日 火曜日 03:12:45 JST
Loading table tables... 
2013年  2月  5日 火曜日 03:12:45 JST
--------------
LOAD DATA INFILE '/sraid/mysql/data/region.tbl' INTO TABLE region FIELDS TERMINATED BY '|' LINES TERMINATED BY '\n'
--------------

--------------
LOAD DATA INFILE '/sraid/mysql/data/nation.tbl' INTO TABLE nation FIELDS TERMINATED BY '|' LINES TERMINATED BY '\n'
--------------

--------------
LOAD DATA INFILE '/sraid/mysql/data/supplier.tbl' INTO TABLE supplier FIELDS TERMINATED BY '|' LINES TERMINATED BY '\n'
--------------

--------------
LOAD DATA INFILE '/sraid/mysql/data/part.tbl' INTO TABLE part FIELDS TERMINATED BY '|' LINES TERMINATED BY '\n'
--------------

--------------
LOAD DATA INFILE '/sraid/mysql/data/partsupp.tbl' INTO TABLE partsupp FIELDS TERMINATED BY '|' LINES TERMINATED BY '\n'
--------------

--------------
LOAD DATA INFILE '/sraid/mysql/data/customer.tbl' INTO TABLE customer FIELDS TERMINATED BY '|' LINES TERMINATED BY '\n'
--------------

ERROR 2013 (HY000) at line 1: Lost connection to MySQL server during query
--------------
LOAD DATA INFILE '/sraid/mysql/data/orders.tbl' INTO TABLE orders FIELDS TERMINATED BY '|' LINES TERMINATED BY '\n'
--------------

