procs -----------memory---------- ---swap-- -----io---- --system-- -----cpu-----
 r  b   swpd   free   buff  cache   si   so    bi    bo   in   cs us sy id wa st
12 29      0 519457120 126024 3540600    0    0  1263   736    2   10  0  1 98  1  0	
15 25      0 519456576 126180 3540952    0    0 461151  5561 190036 181355  1  9 81  9  0	
11 27      0 519455648 126312 3540976    0    0 460365     8 189309 182019  1  9 80  9  0	
 9 26      0 519453344 126464 3541004    0    0 467785     9 192049 185802  1  9 80 10  0	
13 23      0 520029664 126624 2979336    0    0 461147    16 188968 177489  1  9 82  8  0	
procs -----------memory---------- ---swap-- -----io---- --system-- -----cpu-----
 r  b   swpd   free   buff  cache   si   so    bi    bo   in   cs us sy id wa st
 8 28      0 519453344 126724 3541296    0    0  1306   731    6   12  0  1 98  1  0	
11 23      0 519455808 126820 3541196    0    0 458531 17962 188881 175180  2  9 81  8  0	
16 25      0 519456672 126904 3541328    0    0 459139 17624 189308 175743  1  9 82  8  0	
16 27      0 519456000 126984 3541344    0    0 464439    12 190862 180308  1  9 81  9  0	
10 27      0 519456128 127080 3541364    0    0 463803    17 190076 181688  1  9 81  9  0	
10 27      0 519456512 127144 3541380    0    0 463387    15 189898 181673  1  9 81  9  0	
12 26      0 519456416 127216 3541404    0    0 462760     9 189210 179828  1  9 82  8  0	
13 27      0 519455424 127296 3541412    0    0 464170    10 188149 180482  1  9 82  9  0	
16 26      0 519456896 127368 3541424    0    0 470696    10 188730 187212  1  9 80 10  0	
11 27      0 520089280 132140 2872012    0    0 469390  2450 189160 187507  1  9 80 10  0	
18 24      0 518945280 140240 3891772    0    0 454869 38375 187766 185587  2  9 78 11  0	
procs -----------memory---------- ---swap-- -----io---- --system-- -----cpu-----
 r  b   swpd   free   buff  cache   si   so    bi    bo   in   cs us sy id wa st
 8 32      0 518737280 142380 4092584    0    0  1353   727   12    0  0  1 98  1  0	
 4 28      0 518732480 145780 4097064    0    0 449584 57007 189637 185182  3  9 77 11  0	
 8 27      0 518950464 146024 4097484    0    0 453640 21635 190833 182470  2  9 79 10  0	
11 28      0 518950976 146048 4097488    0    0 453835 14190 190251 181760  1  9 80 10  0	
11 28      0 518950624 146080 4097512    0    0 457503   563 190291 181696  1  9 80 10  0	
12 25      0 518951936 146148 4097536    0    0 457542    11 189752 179839  1  9 81  9  0	
17 25      0 518952992 146172 4097540    0    0 457825     9 190130 179692  1  9 81  9  0	
12 24      0 518953472 146228 4097340    0    0 455836    12 189615 178770  1  9 81  9  0	
procs -----------memory---------- ---swap-- -----io---- --system-- -----cpu-----
 r  b   swpd   free   buff  cache   si   so    bi    bo   in   cs us sy id wa st
 8 29      0 518131520 625796 4271528    0    0  1370   756   13   13  0  1 98  1  0	
procs -----------memory---------- ---swap-- -----io---- --system-- -----cpu-----
 r  b   swpd   free   buff  cache   si   so    bi    bo   in   cs us sy id wa st
20 20      0 518068448 690508 4271732    0    0  1358   799    9    5  0  1 98  1  0	
15 23      0 518067360 692776 4271812    0    0     0 385585 103316 70256  1  8 84  8  0	
22 20      0 518065824 694780 4271780    0    0     0 384535 102887 70407  1  8 84  7  0	
procs -----------memory---------- ---swap-- -----io---- --system-- -----cpu-----
 r  b   swpd   free   buff  cache   si   so    bi    bo   in   cs us sy id wa st
13 23      0 517978880 700628 4272020    0    0  1343   859   11    3  0  1 97  1  0	
procs -----------memory---------- ---swap-- -----io---- --system-- -----cpu-----
 r  b   swpd   free   buff  cache   si   so    bi    bo   in   cs us sy id wa st
14 23      0 517929728 751880 4272556    0    0   731   588    7    3  0  1 98  1  0	
procs -----------memory---------- ---swap-- -----io---- --system-- -----cpu-----
 r  b   swpd   free   buff  cache   si   so    bi    bo   in   cs us sy id wa st
12 28      0 518021728 751952 4272600    0    0   735   588    1    5  0  1 98  1  0	
procs -----------memory---------- ---swap-- -----io---- --system-- -----cpu-----
 r  b   swpd   free   buff  cache   si   so    bi    bo   in   cs us sy id wa st
15 25      0 517911456 752232 4277304    0    0   761   585    4    8  0  1 98  1  0	
14 26      0 518019840 752480 4273920    0    0 462078   859 188048 179697  1  9 81  9  0	
15 25      0 517933216 752524 4273976    0    0 464476    11 187754 181945  1  9 82  9  0	
 8 27      0 517934016 752596 4273808    0    0 459680    13 186026 177068  1  9 82  8  0	
26 22      0 517933792 752652 4273860    0    0 470604     6 189665 184205  1  9 81  9  0	
17 25      0 517937184 752720 4273900    0    0 461325     7 186748 176558  1  9 83  8  0	
19 24      0 517936352 752784 4273956    0    0 464262    10 188007 176330  1  9 83  7  0	
11 27      0 517933952 752832 4274000    0    0 462438     9 187418 179250  1  9 82  8  0	
11 25      0 517935296 752872 4274040    0    0 464337    10 188614 180509  1  9 82  8  0	
procs -----------memory---------- ---swap-- -----io---- --system-- -----cpu-----
 r  b   swpd   free   buff  cache   si   so    bi    bo   in   cs us sy id wa st
17 27      0 517931488 752872 4274064    0    0   801   582    5    8  0  1 98  1  0	
21 23      0 518022176 752896 4274124    0    0 461065    16 187301 176916  1  9 82  8  0	
12 29      0 518022144 752948 4274160    0    0 470134     9 190439 184209  1  9 81  9  0	
procs -----------memory---------- ---swap-- -----io---- --system-- -----cpu-----
 r  b   swpd   free   buff  cache   si   so    bi    bo   in   cs us sy id wa st
 4  0      0 517989440 753368 4225056    0    0   835   577    6    8  0  1 98  1  0	
 4  0      0 518078752 753420 4225100    0    0     0    12  419  503  0  0 100  0  0	
 4  0      0 518079392 753484 4225144    0    0     0    10  346  486  0  0 100  0  0	
 3  0      0 518079648 753540 4225192    0    0     0     8  342  481  0  0 100  0  0	
procs -----------memory---------- ---swap-- -----io---- --system-- -----cpu-----
 r  b   swpd   free   buff  cache   si   so    bi    bo   in   cs us sy id wa st
 6  0      0 518085152 753916 4225200    0    0   829   572    6    8  0  1 98  1  0	
 2  0      0 518082848 753956 4225248    0    0     0    13  405  497  0  0 100  0  0	
procs -----------memory---------- ---swap-- -----io---- --system-- -----cpu-----
 r  b   swpd   free   buff  cache   si   so    bi    bo   in   cs us sy id wa st
 4  0      0 518084896 753996 4225264    0    0   828   572    6    8  0  1 98  1  0	
 2  0      0 518081600 754040 4225308    0    0     0    13  420  506  0  0 100  0  0	
 2  0      0 518081760 754096 4225360    0    0     0    12  332  472  0  0 100  0  0	
procs -----------memory---------- ---swap-- -----io---- --system-- -----cpu-----
 r  b   swpd   free   buff  cache   si   so    bi    bo   in   cs us sy id wa st
 4  0      0 518081696 754572 4225228    0    0   821   567    6    8  0  1 98  1  0	
 3  0      0 517927136 755112 4163528    0    0     0 28158 1755 1991  1  0 99  0  0	
 4  0      0 517500224 755564 4581160    0    0     0 41563 2142 2959  2  0 98  0  0	
 4  0      0 517348928 756156 4729028    0    0     0 39625 2528 3389  2  0 98  0  0	
 2  0      0 517303552 756416 4770028    0    0     0 21889 2232 2533  2  0 98  0  0	
 3  0      0 517257312 756584 4815140    0    0     0 21898 2347 2940  2  0 98  0  0	
 2  0      0 517155072 756768 4913492    0    0     0 21443 2398 2823  2  0 98  0  0	
 2  0      0 517097728 757012 4942028    0    0     0 20472 2328 2740  2  0 98  0  0	
 2  0      0 517057088 757204 4978932    0    0     0 21044 2425 3153  2  0 98  0  0	
 2  0      0 517025408 757404 5007316    0    0     0 20875 2391 3429  2  0 98  0  0	
 2  0      0 516997664 757552 5032276    0    0     0 20111 2375 3279  2  0 98  0  0	
 2  0      0 516963616 757676 5065100    0    0     0 20409 2354 3429  2  0 98  0  0	
 2  0      0 516931264 757836 5097904    0    0     0 21522 2426 3768  2  0 98  0  0	
 2  0      0 516898368 757960 5130728    0    0     0 21672 2380 3689  2  0 98  0  0	
 2  0      0 516860128 758000 5167652    0    0     0 23734 2616 3848  2  0 98  0  0	
 2  0      0 516827136 758140 5200264    0    0     0 23859 2623 3751  2  0 98  0  0	
 2  0      0 516786720 758232 5237176    0    0     0 24357 2604 3634  2  0 98  0  0	
 2  0      0 516691840 758372 5291324    0    0     0 25136 2813 3623  2  0 98  0  0	
 2  0      0 516668160 758460 5348724    0    0     0 26102 2738 3573  2  0 98  0  0	
 3  0      0 516624704 758532 5389732    0    0     0 24534 2685 3502  2  0 98  0  0	
 2  0      0 516586464 758616 5426636    0    0     0 23684 2711 3721  2  0 98  0  0	
procs -----------memory---------- ---swap-- -----io---- --system-- -----cpu-----
 r  b   swpd   free   buff  cache   si   so    bi    bo   in   cs us sy id wa st
 5  1      0 516561408 759012 5439056    0    0   808   565    6    1  0  1 98  1  0	
 8  0      0 516566400 759076 5438908    0    0     0 67785 9434 18101  1  1 98  0  0	
 6  1      0 516567904 759116 5438956    0    0     0 65050 8125 17810  1  0 98  1  0	
 4  0      0 516568544 759156 5438996    0    0     0 64886 8244 17883  1  0 98  0  0	
 3  0      0 516568096 759200 5439040    0    0     0 65494 8415 18477  1  0 98  1  0	
 4  0      0 516568352 759256 5439096    0    0     0 65056 9546 18412  1  0 98  0  0	
 5  0      0 516568128 759308 5439132    0    0     0 66951 8911 19521  1  1 98  0  0	
 3  0      0 516568032 759368 5439176    0    0     0 65039 8420 18140  1  0 98  0  0	
 2  1      0 516568032 759404 5439224    0    0     0 65037 9004 18461  1  0 98  0  0	
 3  0      0 516567744 759448 5439060    0    0     0 64428 9371 18133  1  0 98  0  0	
 4  0      0 516567648 759492 5439108    0    0     0 63828 9077 17905  1  0 98  0  0	
 2  1      0 516567008 759544 5439160    0    0     0 63291 9063 17427  1  0 98  1  0	
 2  1      0 516566496 759596 5439212    0    0     0 64642 8755 18205  1  0 98  0  0	
procs -----------memory---------- ---swap-- -----io---- --system-- -----cpu-----
 r  b   swpd   free   buff  cache   si   so    bi    bo   in   cs us sy id wa st
 5  0      0 516568928 759656 5439256    0    0   800   569    7    3  0  1 98  1  0	
procs -----------memory---------- ---swap-- -----io---- --system-- -----cpu-----
 r  b   swpd   free   buff  cache   si   so    bi    bo   in   cs us sy id wa st
24 22      0 517386016 768948 4774120    0    0   774   668    1    1  0  1 97  1  0	
12 28      0 516836864 769004 5171352    0    0     0 359094 139462 149538  2 10 74 14  0	
15 24      0 516423936 769040 5567280    0    0     0 364850 140668 147933  3 10 73 14  0	
11 27      0 516174368 769072 5788632    0    0     0 366809 140470 148890  2 10 73 14  0	
 3 31      0 516116128 769120 5846020    0    0     0 356339 137992 148866  3 10 73 14  0	
16 25      0 516079488 769152 5882928    0    0     0 353274 136897 148803  3 10 74 14  0	
 7 29      0 516034688 769176 5923940    0    0     0 355097 139488 150316  3 10 73 14  0	
14 25      0 515940416 769200 6014100    0    0     0 352130 139051 149079  3 10 73 14  0	
24 19      0 515907232 769220 6046912    0    0     0 365952 144614 155018  3 10 73 14  0	
10 26      0 515868864 769260 6083820    0    0     0 375832 152739 158241  3 10 73 14  0	
11 28      0 515835072 769280 6116636    0    0     0 355784 140926 150986  3 10 73 14  0	
 6 30      0 515810496 769312 6141052    0    0     0 356269 139580 151294  3 10 74 14  0	
23 27      0 515776992 769324 6173876    0    0     0 355824 139981 150943  3 10 74 14  0	
18 24      0 515737856 769360 6210788    0    0     0 357804 141085 151040  3 10 74 14  0	
 6 28      0 515702528 769400 6243604    0    0     0 358861 140966 151893  3 10 74 14  0	
 6 29      0 515659584 769436 6280512    0    0     0 359214 141308 151593  3 10 73 14  0	
12 25      0 515630816 769488 6309224    0    0     0 356578 142064 150981  3 10 73 14  0	
 2  0      0 515650240 769508 6297212    0    0     0 253578 95786 105149  2  7 82  9  0	
 2  0      0 515601856 769540 6346392    0    0     0 23693 2478 3689  2  0 98  0  0	
 2  0      0 515549312 769600 6399464    0    0     0 24820 2745 3636  2  0 98  0  0	
 2  0      0 515503296 769640 6444564    0    0     0 25054 2737 3716  2  0 98  0  0	
 2  0      0 515461920 769688 6485588    0    0     0 26669 2755 3659  2  0 98  0  0	
 2  0      0 515423584 769732 6522512    0    0     0 26034 2737 3817  2  0 98  0  0	
 2  0      0 515386080 769768 6559404    0    0     0 25982 2738 3782  2  0 98  0  0	
 2  0      0 515356032 769796 6588128    0    0     0 26146 2695 4021  2  0 98  0  0	
 2  0      0 515318272 769820 6625036    0    0     0 27342 2882 4188  2  0 98  0  0	
 2  0      0 515283136 769848 6657844    0    0     0 26960 2721 3842  2  0 98  0  0	
 3  1      0 515249760 769872 6690464    0    0     0 26477 2725 3789  2  0 98  0  0	
 3  0      0 515213984 769912 6727364    0    0     0 25622 2656 3575  2  0 98  0  0	
 2  0      0 515174304 769948 6764276    0    0     0 25952 2678 3543  2  0 98  0  0	
 3  0      0 515131712 769988 6805272    0    0     0 27187 2730 3580  2  0 98  0  0	
 3  1      0 515079520 770012 6854488    0    0     0 28566 2788 3721  2  0 98  0  0	
 1  0      0 515029760 770044 6903716    0    0     0 31265 2924 3752  2  0 98  0  0	
 1  0      0 514982880 770072 6948796    0    0     0 32189 3053 4012  2  0 98  0  0	
 3  0      0 514939968 770092 6989796    0    0     0 32132 3058 3925  2  0 98  0  0	
 2  0      0 514897568 770128 7030608    0    0     0 33157 3111 4005  2  0 98  0  0	
 2  0      0 514796928 770172 7128960    0    0     0 32102 2930 3960  2  0 98  0  0	
 1  0      0 514763520 770216 7161796    0    0     0 30086 2811 3890  2  0 98  0  0	
 1  0      0 514736576 770276 7186400    0    0     0 28443 2930 3492  2  0 98  0  0	
 1  0      0 514706496 770320 7215116    0    0     0 29144 2957 3603  2  0 98  0  0	
 1  0      0 514672800 770336 7247932    0    0     0 30417 2906 3754  2  0 98  0  0	
 1  0      0 514639072 770396 7280764    0    0     0 31880 2985 3850  2  0 98  0  0	
 2  0      0 514587712 770416 7329776    0    0     0 35462 3263 4307  2  0 98  0  0	
 1  0      0 514545728 770456 7370768    0    0     0 34495 3228 4033  2  0 98  0  0	
 2  0      0 514503808 770504 7411768    0    0     0 37893 3392 4359  2  0 98  0  0	
 1  0      0 514469216 770556 7448684    0    0     0 36906 3263 4331  2  0 98  0  0	
 1  0      0 514439296 770608 7477400    0    0     0 36448 3115 4347  2  0 98  0  0	
 2  1      0 514357536 770636 7559076    0    0 16549 34578 12040 16759  2  0 97  1  0	
 1  1      0 514323744 770672 7591904    0    0 21976 34780 14363 21045  2  0 96  2  0	
 2  1      0 514298464 770708 7616524    0    0 21108 31050 14504 19919  2  0 96  1  0	
 0  2      0 514263776 770740 7649132    0    0 22047 31652 14642 20699  2  0 96  1  0	
 3  0      0 514233440 770788 7681960    0    0 22261 32905 14386 20905  2  0 96  2  0	
 1  1      0 514195904 770836 7718868    0    0 21285 33717 14301 20243  2  0 96  2  0	
 2  0      0 514144416 770888 7768080    0    0 21172 38180 14411 20796  2  0 96  1  0	
 1  1      0 514097440 770920 7813180    0    0 22037 39608 15108 21655  2  0 96  1  0	
 1  1      0 514055520 770984 7854196    0    0 21918 39875 15385 21194  2  0 96  1  0	
