procs -----------memory---------- ---swap-- -----io---- --system-- -----cpu-----
 r  b   swpd   free   buff  cache   si   so    bi    bo   in   cs us sy id wa st
11  0      0 514156576 773944 7855892    0    0   716   702    1    4  0  1 97  1  0	
 3  0      0 513974528 774004 7966772    0    0     0 14781 1235 1918  0  0 100  0  0	
 4  0      0 513974816 774040 7966824    0    0     0  9321  862 1558  0  0 100  0  0	
 2  0      0 513972640 774076 7966868    0    0     0  8458  829 1386  0  0 100  0  0	
 3  0      0 513976544 774124 7966920    0    0     0  1451  435  641  0  0 100  0  0	
 2  0      0 513975744 774164 7966960    0    0     0    11  335  508  0  0 100  0  0	
 2  0      0 513976768 774192 7967008    0    0     0     8  332  503  0  0 100  0  0	
 2  0      0 513976256 774212 7967048    0    0     0     8  325  501  0  0 100  0  0	
 1  0      0 513976256 774224 7966888    0    0     0     9  326  501  0  0 100  0  0	
 2  0      0 513979040 774244 7966920    0    0     0   186  348  510  0  0 100  0  0	
 1  0      0 513979008 774268 7966972    0    0     0    10  327  506  0  0 100  0  0	
 2  0      0 513978912 774308 7967008    0    0     0    10  334  507  0  0 100  0  0	
 1  0      0 513974528 774336 7967064    0    0     0     9  333  503  0  0 100  0  0	
 2  0      0 513973568 774368 7967116    0    0     0     8  328  505  0  0 100  0  0	
 2  0      0 513973824 774404 7967152    0    0     0    11  327  504  0  0 100  0  0	
 2  0      0 513974016 774424 7967200    0    0     0     7  326  502  0  0 100  0  0	
 1  0      0 513973856 774468 7967036    0    0     0     8  330  504  0  0 100  0  0	
 2  0      0 513973696 774508 7967088    0    0     0     9  326  503  0  0 100  0  0	
 1  0      0 513973536 774532 7967124    0    0     0     6  323  501  0  0 100  0  0	
 2  0      0 513973728 774576 7967168    0    0     0     8  327  505  0  0 100  0  0	
 2  0      0 513973920 774608 7967216    0    0     0    10  322  502  0  0 100  0  0	
 1  0      0 513973376 774648 7967260    0    0     0     7  325  503  0  0 100  0  0	
 2  0      0 513976800 774680 7967304    0    0     0    10  339  507  0  0 100  0  0	
 2  0      0 513976544 774708 7967348    0    0     0     9  324  502  0  0 100  0  0	
 2  0      0 513976448 774728 7967204    0    0     0    10  327  512  0  0 100  0  0	
 1  0      0 513975392 774780 7967252    0    0     0     8  326  508  0  0 100  0  0	
 2  0      0 513975104 774820 7967296    0    0     0     9  335  516  0  0 100  0  0	
 2  0      0 513973056 774856 7967336    0    0     0     7  327  507  0  0 100  0  0	
 2  0      0 513973568 774876 7967384    0    0     0    11  365  532  0  0 100  0  0	
 2  0      0 513974912 774900 7967424    0    0     0    11  328  513  0  0 100  0  0	
 2  0      0 513974528 774920 7967468    0    0     0     8  328  510  0  0 100  0  0	
 2  1      0 513974336 774952 7967508    0    0     0     8  335  514  0  0 100  0  0	
 1  0      0 513974208 774976 7967380    0    0     0    11  339  515  0  0 100  0  0	
 1  1      0 513974176 775012 7967416    0    0     0     7  328  510  0  0 100  0  0	
 1  0      0 513974016 775056 7967452    0    0     0     9  332  515  0  0 100  0  0	
 0  0      0 513974368 775116 7967504    0    0     0     9  330  513  0  0 100  0  0	
 1  0      0 513974304 775168 7967552    0    0     0     7  330  512  0  0 100  0  0	
 1  0      0 513973600 775224 7967596    0    0     0    10  335  524  0  0 100  0  0	
 1  0      0 513975552 775252 7967644    0    0     0   190  356  524  0  0 100  0  0	
 0  0      0 513977728 775288 7967504    0    0     0    11  337  519  0  0 100  0  0	
 1  0      0 513975264 775332 7967540    0    0     0     8  326  512  0  0 100  0  0	
 1  0      0 513972704 775384 7967588    0    0     0     9  332  514  0  0 100  0  0	
 1  0      0 513973088 775436 7967640    0    0     0     8  340  524  0  0 100  0  0	
 1  0      0 513973280 775480 7967684    0    0     0     9  335  526  0  0 100  0  0	
 0  0      0 513972992 775528 7967724    0    0     0    11  336  527  0  0 100  0  0	
 1  0      0 513972800 775560 7967764    0    0     0     7  338  527  0  0 100  0  0	
 1  0      0 513971136 775600 7967816    0    0     0     9  343  539  0  0 100  0  0	
 1  0      0 513972224 775636 7967668    0    0     0    11  337  528  0  0 100  0  0	
 0  0      0 513971936 775684 7967704    0    0     0     7  339  527  0  0 100  0  0	
 1  0      0 513972128 775736 7967752    0    0     0     9  344  530  0  0 100  0  0	
 1  0      0 513971552 775764 7967796    0    0     0    10  345  528  0  0 100  0  0	
 1  1      0 513971520 775792 7967840    0    0     0     7  339  524  0  0 100  0  0	
 1  0      0 513972544 775836 7967908    0    0     0     9  351  530  0  0 100  0  0	
 0  0      0 513972768 775880 7967932    0    0     0    10  335  512  0  0 100  0  0	
 1  0      0 513972736 775904 7967976    0    0     0     8  328  509  0  0 100  0  0	
 1  0      0 513975616 775956 7967828    0    0     0     8  347  517  0  0 100  0  0	
 1  0      0 513975552 775996 7967868    0    0     0    10  333  509  0  0 100  0  0	
 1  0      0 513975040 776044 7967916    0    0     0     7  333  508  0  0 100  0  0	
 0  0      0 513974976 776092 7967960    0    0     0     8  337  512  0  0 100  0  0	
 1  0      0 513974624 776144 7968004    0    0     0    10  337  512  0  0 100  0  0	
 1  0      0 513974176 776188 7968044    0    0     0     8  328  507  0  0 100  0  0	
 1  0      0 513973376 776224 7968092    0    0     0     8  333  510  0  0 100  0  0	
 1  0      0 513973152 776264 7968148    0    0     0    11  351  517  0  0 100  0  0	
 1  0      0 513972416 776324 7968004    0    0     0     8  343  512  0  0 100  0  0	
 1  0      0 513973024 776388 7968048    0    0     0     9  338  514  0  0 100  0  0	
 1  0      0 513972928 776416 7968088    0    0     0     9  333  514  0  0 100  0  0	
 1  0      0 513972576 776472 7968128    0    0     0     7  329  511  0  0 100  0  0	
 1  0      0 513972000 776512 7968176    0    0     0     8  327  510  0  0 100  0  0	
 0  0      0 513968960 776564 7968224    0    0     0    10  330  513  0  0 100  0  0	
 1  0      0 513972384 776588 7968260    0    0     0   187  353  525  0  0 100  0  0	
 1  0      0 513972864 776636 7968316    0    0     0     9  337  522  0  0 100  0  0	
 1  0      0 513973024 776688 7968156    0    0     0    10  346  522  0  0 100  0  0	
 0  0      0 513972704 776748 7968208    0    0     0     8  336  510  0  0 100  0  0	
 1  0      0 513973056 776812 7968276    0    0     0     8  329  509  0  0 100  0  0	
 0  0      0 513973184 776864 7968296    0    0     0    12  334  521  0  0 100  0  0	
 1  0      0 513973312 776904 7968344    0    0     0     7  333  523  0  0 100  0  0	
 1  0      0 513972864 776956 7968400    0    0     0     8  335  523  0  0 100  0  0	
 0  0      0 513972896 777004 7968424    0    0     0    10  333  522  0  0 100  0  0	
 1  0      0 513972832 777048 7968468    0    0     0     8  328  516  0  0 100  0  0	
 1  0      0 513972384 777092 7968328    0    0     0     8  331  514  0  0 100  0  0	
 1  0      0 513972192 777144 7968368    0    0     0    10  329  513  0  0 100  0  0	
 0  0      0 513973408 777196 7968408    0    0     0     7  340  515  0  0 100  0  0	
 0  0      0 513971776 777204 7968456    0    0     0     8  329  509  0  0 100  0  0	
 1  0      0 513972352 777248 7968508    0    0     0    10  330  512  0  0 100  0  0	
 1  0      0 513970848 777300 7968552    0    0     0    10  334  521  0  0 100  0  0	
 1  0      0 513970720 777336 7968596    0    0     0     9  328  514  0  0 100  0  0	
 0  0      0 513970272 777388 7968636    0    0     0    10  331  513  0  0 100  0  0	
 0  0      0 513969568 777424 7968496    0    0     0     7  324  508  0  0 100  0  0	
 1  0      0 513969984 777480 7968536    0    0     0     7  342  525  0  0 100  0  0	
 1  0      0 513970944 777528 7968576    0    0     0    11  347  531  0  0 100  0  0	
 0  0      0 513970976 777576 7968624    0    0     0     7  342  525  0  0 100  0  0	
 0  0      0 513970848 777616 7968664    0    0     0     7  346  522  0  0 100  0  0	
 1  0      0 513969888 777668 7968720    0    0     0    11  344  522  0  0 100  0  0	
 1  0      0 513970496 777708 7968760    0    0     0     8  335  518  0  0 100  0  0	
 1  0      0 513971264 777740 7968628    0    0     0     9  348  521  0  0 100  0  0	
 1  0      0 513970848 777800 7968668    0    0     0    10  339  519  0  0 100  0  0	
 0  0      0 513970816 777856 7968704    0    0     0     7  335  520  0  0 100  0  0	
 2  0      0 513971488 777884 7968752    0    0     0   187  368  541  0  0 100  0  0	
 1  0      0 513973600 777920 7968800    0    0     0    12  346  529  0  0 100  0  0	
 1  0      0 513973248 777984 7968840    0    0     0     9  346  532  0  0 100  0  0	
 0  0      0 513972928 778012 7968884    0    0     0     8  345  531  0  0 100  0  0	
 0  0      0 513972160 778052 7968924    0    0     0    10  350  532  0  0 100  0  0	
 1  0      0 513972480 778092 7968792    0    0     0     9  354  531  0  0 100  0  0	
 1  0      0 513972480 778140 7968828    0    0     0     7  344  527  0  0 100  0  0	
 1  0      0 513972160 778180 7968872    0    0     0    10  342  526  0  0 100  0  0	
 0  0      0 513971968 778240 7968920    0    0     0     8  343  528  0  0 100  0  0	
 0  0      0 513969920 778292 7968964    0    0     0     8  348  538  0  0 100  0  0	
 1  0      0 513970688 778352 7969004    0    0     0    10  340  526  0  0 100  0  0	
 1  0      0 513967520 778388 7969044    0    0     0     8  344  525  0  0 100  0  0	
 1  0      0 513967616 778432 7969100    0    0     0     8  350  531  0  0 100  0  0	
 0  0      0 513965952 778476 7968948    0    0     0    11  342  528  0  0 100  0  0	
 0  0      0 513966016 778516 7968988    0    0     0     7  338  525  0  0 100  0  0	
 1  0      0 513966464 778572 7969040    0    0     0     7  350  530  0  0 100  0  0	
 1  0      0 513966976 778600 7969084    0    0     0    10  336  522  0  0 100  0  0	
 0  0      0 513969408 778628 7969128    0    0     0     8  332  509  0  0 100  0  0	
 0  0      0 513969728 778672 7969168    0    0     0     7  321  503  0  0 100  0  0	
 0  0      0 513969280 778712 7969216    0    0     0    11  326  507  0  0 100  0  0	
 1  0      0 513968608 778740 7969256    0    0     0     7  322  502  0  0 100  0  0	
 1  0      0 513968672 778784 7969108    0    0     0     7  324  506  0  0 100  0  0	
 1  0      0 513968128 778832 7969148    0    0     0    11  316  510  0  0 100  0  0	
 0  0      0 513968192 778896 7969188    0    0     0     7  324  511  0  0 100  0  0	
 1  0      0 513967872 778936 7969244    0    0     0     7  330  527  0  0 100  0  0	
 0  0      0 513967680 778992 7969300    0    0     0    14  339  527  0  0 100  0  0	
 1  0      0 513965856 779032 7969344    0    0     0     8  332  516  0  0 100  0  0	
 1  0      0 513966336 779076 7969384    0    0     0     9  342  527  0  0 100  0  0	
 0  0      0 513966016 779112 7969428    0    0     0    10  338  525  0  0 100  0  0	
 1  0      0 513966560 779140 7969284    0    0     0     7  339  525  0  0 100  0  0	
 1  0      0 513968032 779188 7969320    0    0     0   186  360  530  0  0 100  0  0	
 1  0      0 513969440 779220 7969360    0    0     0    11  339  522  0  0 100  0  0	
 1  0      0 513969408 779268 7969408    0    0     0     8  322  505  0  0 100  0  0	
 0  0      0 513969216 779328 7969456    0    0     0     8  318  507  0  0 100  0  0	
 1  0      0 513969280 779364 7969496    0    0     0    11  328  509  0  0 100  0  0	
 1  0      0 513968704 779424 7969544    0    0     0     8  322  503  0  0 100  0  0	
 1  0      0 513968800 779476 7969592    0    0     0     9  323  509  0  0 100  0  0	
 0  0      0 513968544 779516 7969444    0    0     0    11  322  512  0  0 100  0  0	
 0  0      0 513968096 779560 7969484    0    0     0     7  320  508  0  0 100  0  0	
 1  0      0 513964320 779612 7969532    0    0     0     6  319  506  0  0 100  0  0	
 1  0      0 513968288 779664 7969572    0    0     0    11  334  511  0  0 100  0  0	
 0  0      0 513969088 779700 7969620    0    0     0     8  323  507  0  0 100  0  0	
 0  0      0 513968800 779744 7969656    0    0     0     8  321  506  0  0 100  0  0	
 0  0      0 513968064 779776 7969708    0    0     0    11  318  505  0  0 100  0  0	
 1  0      0 513967552 779808 7969564    0    0     0     8  324  508  0  0 100  0  0	
 1  0      0 513967648 779856 7969612    0    0     0     8  325  509  0  0 100  0  0	
 1  0      0 513967616 779900 7969648    0    0     0    10  319  507  0  0 100  0  0	
 0  0      0 513966912 779936 7969696    0    0     0     9  329  520  0  0 100  0  0	
 1  0      0 513967168 779964 7969748    0    0     0     9  325  511  0  0 100  0  0	
 1  0      0 513967104 779996 7969788    0    0     0    10  322  511  0  0 100  0  0	
 1  0      0 513966560 780036 7969836    0    0     0     8  317  507  0  0 100  0  0	
 1  0      0 513966016 780080 7969876    0    0     0     8  324  519  0  0 100  0  0	
 0  0      0 513967168 780132 7969728    0    0     0    12  327  519  0  0 100  0  0	
 1  0      0 513966848 780168 7969772    0    0     0     7  322  510  0  0 100  0  0	
 1  0      0 513965664 780204 7969812    0    0     0     7  328  520  0  0 100  0  0	
 1  0      0 513965824 780252 7969868    0    0     0    11  342  527  0  0 100  0  0	
 1  0      0 513966720 780292 7969908    0    0     0     9  339  525  0  0 100  0  0	
 0  0      0 513968896 780328 7969952    0    0     0     8  353  532  0  0 100  0  0	
 1  0      0 513968448 780368 7969996    0    0     0    12  342  527  0  0 100  0  0	
 1  0      0 513968128 780416 7970036    0    0     0     7  344  527  0  0 100  0  0	
 1  0      0 513967584 780472 7969896    0    0     0    10  353  540  0  0 100  0  0	
 1  0      0 513967232 780512 7969940    0    0     0    12  351  532  0  0 100  0  0	
 0  0      0 513969664 780560 7969980    0    0     0   189  360  523  0  0 100  0  0	
 1  0      0 513969376 780584 7970024    0    0     0     8  328  511  0  0 100  0  0	
 1  0      0 513969152 780612 7970064    0    0     0    10  335  515  0  0 100  0  0	
 1  0      0 513969952 780668 7970124    0    0     0    10  338  516  0  0 100  0  0	
 0  0      0 513965792 780708 7970168    0    0     0     8  336  517  0  0 100  0  0	
 1  0      0 513964160 780756 7970212    0    0     0    12  336  515  0  0 100  0  0	
 1  0      0 513964672 780772 7970064    0    0     0     8  333  514  0  0 100  0  0	
 1  0      0 513963360 780812 7970104    0    0     0     8  341  526  0  0 100  0  0	
 1  0      0 513963488 780840 7970152    0    0     0    11  332  515  0  0 100  0  0	
 0  0      0 513963392 780896 7970184    0    0     0     7  330  511  0  0 100  0  0	
 1  0      0 513963456 780936 7970244    0    0     0     9  337  516  0  0 100  0  0	
 0  0      0 513965728 780968 7970280    0    0     0    11  346  521  0  0 100  0  0	
 1  0      0 513966016 781028 7970324    0    0     0     7  342  516  0  0 100  0  0	
 0  0      0 513966048 781084 7970376    0    0     0     8  341  515  0  0 100  0  0	
 1  0      0 513965824 781120 7970228    0    0     0    11  331  510  0  0 100  0  0	
 1  0      0 513965632 781176 7970276    0    0     0     8  332  510  0  0 100  0  0	
 1  0      0 513965248 781216 7970308    0    0     0     6  331  511  0  0 100  0  0	
 0  0      0 513964928 781268 7970352    0    0     0    10  335  514  0  0 100  0  0	
 0  0      0 513964608 781320 7970400    0    0     0     9  330  509  0  0 100  0  0	
 0  0      0 513962944 781360 7970448    0    0     0     8  336  513  0  0 100  0  0	
 1  0      0 513962656 781388 7970492    0    0     0    11  339  514  0  0 100  0  0	
procs -----------memory---------- ---swap-- -----io---- --system-- -----cpu-----
 r  b   swpd   free   buff  cache   si   so    bi    bo   in   cs us sy id wa st
 7  0      0 514136256 783664 7862428    0    0   695   644    1    5  0  1 97  1  0	
 3  1      0 513897152 783700 8030120    0    0  1840 14514 2019 3304  0  0 99  0  0	
procs -----------memory---------- ---swap-- -----io---- --system-- -----cpu-----
 r  b   swpd   free   buff  cache   si   so    bi    bo   in   cs us sy id wa st
 2  3      0 520335104 129156 2701556    0    0   810   627    5    4  0  1 97  1  0	
 1  0      0 520117952 130484 2842488    0    0   348 14018 2158 3122  0  0 99  0  0	
